<?xml version="1.0" encoding="UTF-8"?>
<!-- Generated by org.testng.reporters.JUnitXMLReporter -->
<testsuite ignored="0" hostname="DESKTOP-D9IBFV8" failures="1" tests="1" name="Test" time="0.034" errors="0" timestamp="2024-07-21T10:41:29 IST">
  <testcase classname="BasicTesting" name="lno" time="0.0">
    <failure type="org.testng.TestNGException" message="
Parameter &amp;apos;Browser&amp;apos; is required by @Test on method lno but has not been marked @Optional or defined
in D:\Parctice_Java\Testing_API\testng1.xml">
      <![CDATA[org.testng.TestNGException: 
Parameter 'Browser' is required by @Test on method lno but has not been marked @Optional or defined
in D:\Parctice_Java\Testing_API\testng1.xml
at java.base/java.util.ArrayList.forEach(ArrayList.java:1511)
... Removed 26 stack frames]]>
    </failure>
  </testcase> <!-- lno -->
</testsuite> <!-- Test -->
